<?xml version="1.0" encoding="UTF-8"?>
<!-- Generated by org.testng.reporters.JUnitReportReporter -->
<testsuite hostname="NODE167" name="com.columbia.DependentTest" tests="3" failures="0" timestamp="25 May 2016 05:27:32 GMT" time="0.022" errors="0">
  <testcase name="OpenBrowser" time="0.013" classname="com.columbia.DependentTest"/>
  <testcase name="SignIn" time="0.003" classname="com.columbia.DependentTest"/>
  <testcase name="LogOut" time="0.006" classname="com.columbia.DependentTest"/>
</testsuite> <!-- com.columbia.DependentTest -->
