<?xml version="1.0" encoding="UTF-8"?>
<!-- Generated by org.testng.reporters.JUnitReportReporter -->
<testsuite hostname="NODE167" name="com.columbia.Reporterlogs" tests="1" failures="0" timestamp="3 Jun 2016 10:14:58 GMT" time="15.929" errors="0">
  <testcase name="setup" time="15.929" classname="com.columbia.Reporterlogs"/>
</testsuite> <!-- com.columbia.Reporterlogs -->
