<?xml version="1.0" encoding="UTF-8"?>
<!-- Generated by org.testng.reporters.JUnitReportReporter -->
<testsuite hostname="NODE167" name="com.columbia.Columbia_DependsonMethod" tests="3" failures="0" timestamp="26 May 2016 05:45:00 GMT" time="66.232" errors="0">
  <testcase name="sorel" time="35.572" classname="com.columbia.Columbia_DependsonMethod"/>
  <testcase name="login" time="10.494" classname="com.columbia.Columbia_DependsonMethod"/>
  <testcase name="columbia" time="20.166" classname="com.columbia.Columbia_DependsonMethod"/>
</testsuite> <!-- com.columbia.Columbia_DependsonMethod -->
