<?xml version="1.0" encoding="UTF-8"?>
<!-- Generated by org.testng.reporters.JUnitReportReporter -->
<testsuite hostname="NODE167" name="com.columbia.dataProvider" tests="2" failures="0" timestamp="30 May 2016 09:11:21 GMT" time="31.026" errors="0">
  <testcase name="test" time="16.382" classname="com.columbia.dataProvider"/>
  <testcase name="test" time="14.644" classname="com.columbia.dataProvider"/>
</testsuite> <!-- com.columbia.dataProvider -->
