<?xml version="1.0" encoding="UTF-8"?>
<!-- Generated by org.testng.reporters.JUnitReportReporter -->
<testsuite hostname="NODE167" name="com.columbia.Testng2" tests="5" failures="0" timestamp="18 May 2016 11:23:27 GMT" time="0.029" errors="0">
  <testcase name="Car2" time="0.004" classname="com.columbia.Testng2"/>
  <testcase name="Sedan1" time="0.005" classname="com.columbia.Testng2"/>
  <testcase name="Scooter2" time="0.005" classname="com.columbia.Testng2"/>
  <testcase name="Scooter1" time="0.003" classname="com.columbia.Testng2"/>
  <testcase name="Car1" time="0.012" classname="com.columbia.Testng2"/>
</testsuite> <!-- com.columbia.Testng2 -->
